<?xml version="1.0" encoding="UTF-8"?>
<coverage generated="1598518650054" clover="3.2.0">
  <project timestamp="1598518650054" name="All files">
    <metrics statements="140" coveredstatements="140" conditionals="83" coveredconditionals="80" methods="43" coveredmethods="43" elements="266" coveredelements="263" complexity="0" loc="140" ncloc="140" packages="9" files="20" classes="20"/>
    <package name="src">
      <metrics statements="67" coveredstatements="67" conditionals="32" coveredconditionals="29" methods="14" coveredmethods="14"/>
      <file name="actions.js" path="/Users/gbehere/Documents/GitHub/JS-Mailbox/src/actions.js">
        <metrics statements="47" coveredstatements="47" conditionals="20" coveredconditionals="18" methods="11" coveredmethods="11"/>
        <line num="3" count="1" type="stmt"/>
        <line num="4" count="12" type="stmt"/>
        <line num="5" count="12" type="cond" truecount="2" falsecount="0"/>
        <line num="6" count="12" type="stmt"/>
        <line num="9" count="1" type="stmt"/>
        <line num="10" count="13" type="cond" truecount="4" falsecount="0"/>
        <line num="11" count="11" type="stmt"/>
        <line num="12" count="11" type="stmt"/>
        <line num="13" count="11" type="cond" truecount="4" falsecount="0"/>
        <line num="14" count="1" type="stmt"/>
        <line num="16" count="11" type="stmt"/>
        <line num="17" count="11" type="stmt"/>
        <line num="20" count="2" type="stmt"/>
        <line num="24" count="1" type="stmt"/>
        <line num="25" count="7" type="stmt"/>
        <line num="28" count="1" type="stmt"/>
        <line num="29" count="1" type="stmt"/>
        <line num="30" count="1" type="stmt"/>
        <line num="31" count="1" type="stmt"/>
        <line num="34" count="2" type="cond" truecount="2" falsecount="0"/>
        <line num="35" count="1" type="stmt"/>
        <line num="37" count="2" type="stmt"/>
        <line num="40" count="1" type="stmt"/>
        <line num="43" count="1" type="stmt"/>
        <line num="45" count="1" type="stmt"/>
        <line num="46" count="1" type="stmt"/>
        <line num="47" count="1" type="stmt"/>
        <line num="49" count="2" type="stmt"/>
        <line num="51" count="1" type="stmt"/>
        <line num="54" count="1" type="stmt"/>
        <line num="55" count="2" type="stmt"/>
        <line num="56" count="2" type="stmt"/>
        <line num="66" count="2" type="stmt"/>
        <line num="70" count="2" type="stmt"/>
        <line num="71" count="2" type="stmt"/>
        <line num="73" count="2" type="stmt"/>
        <line num="74" count="2" type="cond" truecount="1" falsecount="1"/>
        <line num="75" count="2" type="cond" truecount="2" falsecount="0"/>
        <line num="76" count="2" type="cond" truecount="2" falsecount="0"/>
        <line num="77" count="2" type="stmt"/>
        <line num="78" count="2" type="stmt"/>
        <line num="79" count="2" type="stmt"/>
        <line num="82" count="1" type="stmt"/>
        <line num="83" count="11" type="stmt"/>
        <line num="84" count="11" type="stmt"/>
        <line num="87" count="1" type="stmt"/>
        <line num="88" count="29" type="stmt"/>
      </file>
      <file name="app.jsx" path="/Users/gbehere/Documents/GitHub/JS-Mailbox/src/app.jsx">
        <metrics statements="19" coveredstatements="19" conditionals="12" coveredconditionals="11" methods="3" coveredmethods="3"/>
        <line num="14" count="15" type="stmt"/>
        <line num="17" count="15" type="stmt"/>
        <line num="18" count="15" type="stmt"/>
        <line num="19" count="15" type="stmt"/>
        <line num="20" count="15" type="stmt"/>
        <line num="21" count="15" type="stmt"/>
        <line num="22" count="15" type="stmt"/>
        <line num="23" count="15" type="stmt"/>
        <line num="24" count="15" type="stmt"/>
        <line num="28" count="15" type="stmt"/>
        <line num="29" count="15" type="stmt"/>
        <line num="30" count="15" type="cond" truecount="2" falsecount="0"/>
        <line num="31" count="1" type="stmt"/>
        <line num="32" count="1" type="stmt"/>
        <line num="33" count="1" type="cond" truecount="3" falsecount="1"/>
        <line num="34" count="1" type="stmt"/>
        <line num="37" count="15" type="stmt"/>
        <line num="41" count="48" type="stmt"/>
        <line num="62" count="1" type="stmt"/>
      </file>
      <file name="index.js" path="/Users/gbehere/Documents/GitHub/JS-Mailbox/src/index.js">
        <metrics statements="0" coveredstatements="0" conditionals="0" coveredconditionals="0" methods="0" coveredmethods="0"/>
      </file>
      <file name="mockData.js" path="/Users/gbehere/Documents/GitHub/JS-Mailbox/src/mockData.js">
        <metrics statements="1" coveredstatements="1" conditionals="0" coveredconditionals="0" methods="0" coveredmethods="0"/>
        <line num="1" count="1" type="stmt"/>
      </file>
    </package>
    <package name="src.layout.header">
      <metrics statements="3" coveredstatements="3" conditionals="0" coveredconditionals="0" methods="2" coveredmethods="2"/>
      <file name="header.jsx" path="/Users/gbehere/Documents/GitHub/JS-Mailbox/src/layout/header/header.jsx">
        <metrics statements="3" coveredstatements="3" conditionals="0" coveredconditionals="0" methods="2" coveredmethods="2"/>
        <line num="4" count="1" type="stmt"/>
        <line num="5" count="49" type="stmt"/>
        <line num="6" count="24" type="stmt"/>
      </file>
      <file name="index.js" path="/Users/gbehere/Documents/GitHub/JS-Mailbox/src/layout/header/index.js">
        <metrics statements="0" coveredstatements="0" conditionals="0" coveredconditionals="0" methods="0" coveredmethods="0"/>
      </file>
    </package>
    <package name="src.layout.mail-organization">
      <metrics statements="8" coveredstatements="8" conditionals="6" coveredconditionals="6" methods="5" coveredmethods="5"/>
      <file name="index.js" path="/Users/gbehere/Documents/GitHub/JS-Mailbox/src/layout/mail-organization/index.js">
        <metrics statements="0" coveredstatements="0" conditionals="0" coveredconditionals="0" methods="0" coveredmethods="0"/>
      </file>
      <file name="mail-org.jsx" path="/Users/gbehere/Documents/GitHub/JS-Mailbox/src/layout/mail-organization/mail-org.jsx">
        <metrics statements="8" coveredstatements="8" conditionals="6" coveredconditionals="6" methods="5" coveredmethods="5"/>
        <line num="4" count="1" type="stmt"/>
        <line num="5" count="24" type="stmt"/>
        <line num="16" count="120" type="cond" truecount="2" falsecount="0"/>
        <line num="17" count="120" type="cond" truecount="2" falsecount="0"/>
        <line num="18" count="49" type="stmt"/>
        <line num="20" count="120" type="stmt"/>
        <line num="37" count="120" type="stmt"/>
        <line num="53" count="192" type="stmt"/>
      </file>
    </package>
    <package name="src.layout.mails-container">
      <metrics statements="23" coveredstatements="23" conditionals="10" coveredconditionals="10" methods="5" coveredmethods="5"/>
      <file name="index.js" path="/Users/gbehere/Documents/GitHub/JS-Mailbox/src/layout/mails-container/index.js">
        <metrics statements="0" coveredstatements="0" conditionals="0" coveredconditionals="0" methods="0" coveredmethods="0"/>
      </file>
      <file name="mails-container.jsx" path="/Users/gbehere/Documents/GitHub/JS-Mailbox/src/layout/mails-container/mails-container.jsx">
        <metrics statements="23" coveredstatements="23" conditionals="10" coveredconditionals="10" methods="5" coveredmethods="5"/>
        <line num="5" count="1" type="stmt"/>
        <line num="7" count="27" type="stmt"/>
        <line num="9" count="27" type="stmt"/>
        <line num="10" count="27" type="stmt"/>
        <line num="11" count="27" type="cond" truecount="2" falsecount="0"/>
        <line num="12" count="24" type="stmt"/>
        <line num="13" count="24" type="stmt"/>
        <line num="15" count="3" type="cond" truecount="2" falsecount="0"/>
        <line num="16" count="1" type="stmt"/>
        <line num="17" count="1" type="stmt"/>
        <line num="19" count="2" type="cond" truecount="2" falsecount="0"/>
        <line num="20" count="2" type="stmt"/>
        <line num="21" count="1" type="stmt"/>
        <line num="24" count="1" type="stmt"/>
        <line num="25" count="1" type="stmt"/>
        <line num="29" count="27" type="stmt"/>
        <line num="30" count="3" type="cond" truecount="2" falsecount="0"/>
        <line num="31" count="1" type="stmt"/>
        <line num="34" count="2" type="stmt"/>
        <line num="38" count="27" type="stmt"/>
        <line num="39" count="1" type="stmt"/>
        <line num="40" count="1" type="stmt"/>
        <line num="43" count="27" type="stmt"/>
      </file>
    </package>
    <package name="src.layout.sidebar">
      <metrics statements="5" coveredstatements="5" conditionals="14" coveredconditionals="14" methods="3" coveredmethods="3"/>
      <file name="index.js" path="/Users/gbehere/Documents/GitHub/JS-Mailbox/src/layout/sidebar/index.js">
        <metrics statements="0" coveredstatements="0" conditionals="0" coveredconditionals="0" methods="0" coveredmethods="0"/>
      </file>
      <file name="sidebar.jsx" path="/Users/gbehere/Documents/GitHub/JS-Mailbox/src/layout/sidebar/sidebar.jsx">
        <metrics statements="5" coveredstatements="5" conditionals="14" coveredconditionals="14" methods="3" coveredmethods="3"/>
        <line num="4" count="1" type="stmt"/>
        <line num="25" count="1" type="stmt"/>
        <line num="26" count="24" type="stmt"/>
        <line num="32" count="138" type="stmt"/>
        <line num="40" count="6" type="stmt"/>
      </file>
    </package>
    <package name="src.organisms.compose-email">
      <metrics statements="16" coveredstatements="16" conditionals="4" coveredconditionals="4" methods="6" coveredmethods="6"/>
      <file name="compose-email.jsx" path="/Users/gbehere/Documents/GitHub/JS-Mailbox/src/organisms/compose-email/compose-email.jsx">
        <metrics statements="16" coveredstatements="16" conditionals="4" coveredconditionals="4" methods="6" coveredmethods="6"/>
        <line num="4" count="1" type="stmt"/>
        <line num="5" count="14" type="stmt"/>
        <line num="6" count="14" type="stmt"/>
        <line num="7" count="14" type="stmt"/>
        <line num="8" count="14" type="stmt"/>
        <line num="9" count="14" type="stmt"/>
        <line num="11" count="14" type="stmt"/>
        <line num="12" count="3" type="cond" truecount="4" falsecount="0"/>
        <line num="13" count="1" type="stmt"/>
        <line num="14" count="1" type="stmt"/>
        <line num="16" count="2" type="stmt"/>
        <line num="18" count="14" type="stmt"/>
        <line num="24" count="2" type="stmt"/>
        <line num="27" count="2" type="stmt"/>
        <line num="30" count="2" type="stmt"/>
        <line num="33" count="2" type="stmt"/>
      </file>
      <file name="index.js" path="/Users/gbehere/Documents/GitHub/JS-Mailbox/src/organisms/compose-email/index.js">
        <metrics statements="0" coveredstatements="0" conditionals="0" coveredconditionals="0" methods="0" coveredmethods="0"/>
      </file>
    </package>
    <package name="src.organisms.mail-list">
      <metrics statements="5" coveredstatements="5" conditionals="13" coveredconditionals="13" methods="3" coveredmethods="3"/>
      <file name="index.js" path="/Users/gbehere/Documents/GitHub/JS-Mailbox/src/organisms/mail-list/index.js">
        <metrics statements="0" coveredstatements="0" conditionals="0" coveredconditionals="0" methods="0" coveredmethods="0"/>
      </file>
      <file name="mail-list.jsx" path="/Users/gbehere/Documents/GitHub/JS-Mailbox/src/organisms/mail-list/mail-list.jsx">
        <metrics statements="5" coveredstatements="5" conditionals="13" coveredconditionals="13" methods="3" coveredmethods="3"/>
        <line num="6" count="1" type="stmt"/>
        <line num="8" count="27" type="stmt"/>
        <line num="12" count="51" type="stmt"/>
        <line num="13" count="51" type="stmt"/>
        <line num="25" count="120" type="stmt"/>
      </file>
    </package>
    <package name="src.pages.landing-page">
      <metrics statements="7" coveredstatements="7" conditionals="2" coveredconditionals="2" methods="2" coveredmethods="2"/>
      <file name="index.js" path="/Users/gbehere/Documents/GitHub/JS-Mailbox/src/pages/landing-page/index.js">
        <metrics statements="0" coveredstatements="0" conditionals="0" coveredconditionals="0" methods="0" coveredmethods="0"/>
      </file>
      <file name="landing-page.jsx" path="/Users/gbehere/Documents/GitHub/JS-Mailbox/src/pages/landing-page/landing-page.jsx">
        <metrics statements="7" coveredstatements="7" conditionals="2" coveredconditionals="2" methods="2" coveredmethods="2"/>
        <line num="8" count="1" type="stmt"/>
        <line num="10" count="24" type="stmt"/>
        <line num="11" count="24" type="stmt"/>
        <line num="13" count="24" type="stmt"/>
        <line num="14" count="1" type="stmt"/>
        <line num="15" count="1" type="stmt"/>
        <line num="17" count="24" type="stmt"/>
      </file>
    </package>
    <package name="src.pages.login-page">
      <metrics statements="6" coveredstatements="6" conditionals="2" coveredconditionals="2" methods="3" coveredmethods="3"/>
      <file name="index.js" path="/Users/gbehere/Documents/GitHub/JS-Mailbox/src/pages/login-page/index.js">
        <metrics statements="0" coveredstatements="0" conditionals="0" coveredconditionals="0" methods="0" coveredmethods="0"/>
      </file>
      <file name="login.jsx" path="/Users/gbehere/Documents/GitHub/JS-Mailbox/src/pages/login-page/login.jsx">
        <metrics statements="6" coveredstatements="6" conditionals="2" coveredconditionals="2" methods="3" coveredmethods="3"/>
        <line num="5" count="1" type="stmt"/>
        <line num="6" count="51" type="stmt"/>
        <line num="7" count="51" type="stmt"/>
        <line num="8" count="51" type="stmt"/>
        <line num="12" count="12" type="stmt"/>
        <line num="15" count="12" type="stmt"/>
      </file>
    </package>
  </project>
</coverage>
