{"/Users/gbehere/Documents/GitHub/JS-Mailbox/src/actions.js": {"path":"/Users/gbehere/Documents/GitHub/JS-Mailbox/src/actions.js","statementMap":{"0":{"start":{"line":3,"column":29},"end":{"line":7,"column":1}},"1":{"start":{"line":4,"column":20},"end":{"line":4,"column":60}},"2":{"start":{"line":5,"column":22},"end":{"line":5,"column":60}},"3":{"start":{"line":6,"column":2},"end":{"line":6,"column":27}},"4":{"start":{"line":9,"column":16},"end":{"line":22,"column":1}},"5":{"start":{"line":10,"column":2},"end":{"line":21,"column":3}},"6":{"start":{"line":11,"column":29},"end":{"line":11,"column":63}},"7":{"start":{"line":12,"column":21},"end":{"line":12,"column":56}},"8":{"start":{"line":13,"column":4},"end":{"line":15,"column":5}},"9":{"start":{"line":14,"column":6},"end":{"line":14,"column":72}},"10":{"start":{"line":16,"column":4},"end":{"line":16,"column":114}},"11":{"start":{"line":17,"column":4},"end":{"line":17,"column":66}},"12":{"start":{"line":20,"column":4},"end":{"line":20,"column":90}},"13":{"start":{"line":24,"column":27},"end":{"line":26,"column":1}},"14":{"start":{"line":25,"column":2},"end":{"line":25,"column":83}},"15":{"start":{"line":28,"column":20},"end":{"line":41,"column":1}},"16":{"start":{"line":29,"column":27},"end":{"line":29,"column":54}},"17":{"start":{"line":30,"column":16},"end":{"line":30,"column":38}},"18":{"start":{"line":31,"column":27},"end":{"line":39,"column":3}},"19":{"start":{"line":34,"column":6},"end":{"line":36,"column":7}},"20":{"start":{"line":35,"column":8},"end":{"line":35,"column":28}},"21":{"start":{"line":37,"column":6},"end":{"line":37,"column":18}},"22":{"start":{"line":40,"column":2},"end":{"line":40,"column":71}},"23":{"start":{"line":43,"column":19},"end":{"line":52,"column":1}},"24":{"start":{"line":45,"column":27},"end":{"line":45,"column":54}},"25":{"start":{"line":46,"column":16},"end":{"line":46,"column":38}},"26":{"start":{"line":47,"column":27},"end":{"line":50,"column":3}},"27":{"start":{"line":49,"column":32},"end":{"line":49,"column":64}},"28":{"start":{"line":51,"column":2},"end":{"line":51,"column":71}},"29":{"start":{"line":54,"column":20},"end":{"line":80,"column":1}},"30":{"start":{"line":55,"column":20},"end":{"line":55,"column":30}},"31":{"start":{"line":56,"column":19},"end":{"line":65,"column":3}},"32":{"start":{"line":66,"column":27},"end":{"line":69,"column":3}},"33":{"start":{"line":70,"column":2},"end":{"line":70,"column":71}},"34":{"start":{"line":71,"column":2},"end":{"line":71,"column":28}},"35":{"start":{"line":73,"column":20},"end":{"line":73,"column":60}},"36":{"start":{"line":74,"column":22},"end":{"line":74,"column":60}},"37":{"start":{"line":75,"column":2},"end":{"line":75,"column":42}},"38":{"start":{"line":76,"column":2},"end":{"line":76,"column":42}},"39":{"start":{"line":77,"column":2},"end":{"line":77,"column":54}},"40":{"start":{"line":78,"column":2},"end":{"line":78,"column":54}},"41":{"start":{"line":79,"column":2},"end":{"line":79,"column":72}},"42":{"start":{"line":82,"column":17},"end":{"line":85,"column":1}},"43":{"start":{"line":83,"column":2},"end":{"line":83,"column":104}},"44":{"start":{"line":84,"column":2},"end":{"line":84,"column":57}},"45":{"start":{"line":87,"column":18},"end":{"line":89,"column":1}},"46":{"start":{"line":88,"column":2},"end":{"line":88,"column":56}},"47":{"start":{"line":88,"column":30},"end":{"line":88,"column":55}}},"fnMap":{"0":{"name":"(anonymous_0)","decl":{"start":{"line":3,"column":29},"end":{"line":3,"column":30}},"loc":{"start":{"line":3,"column":44},"end":{"line":7,"column":1}},"line":3},"1":{"name":"(anonymous_1)","decl":{"start":{"line":9,"column":16},"end":{"line":9,"column":17}},"loc":{"start":{"line":9,"column":45},"end":{"line":22,"column":1}},"line":9},"2":{"name":"(anonymous_2)","decl":{"start":{"line":24,"column":27},"end":{"line":24,"column":28}},"loc":{"start":{"line":24,"column":38},"end":{"line":26,"column":1}},"line":24},"3":{"name":"(anonymous_3)","decl":{"start":{"line":28,"column":20},"end":{"line":28,"column":21}},"loc":{"start":{"line":28,"column":33},"end":{"line":41,"column":1}},"line":28},"4":{"name":"(anonymous_4)","decl":{"start":{"line":33,"column":21},"end":{"line":33,"column":22}},"loc":{"start":{"line":33,"column":29},"end":{"line":38,"column":5}},"line":33},"5":{"name":"(anonymous_5)","decl":{"start":{"line":43,"column":19},"end":{"line":43,"column":20}},"loc":{"start":{"line":43,"column":38},"end":{"line":52,"column":1}},"line":43},"6":{"name":"(anonymous_6)","decl":{"start":{"line":49,"column":24},"end":{"line":49,"column":25}},"loc":{"start":{"line":49,"column":32},"end":{"line":49,"column":64}},"line":49},"7":{"name":"(anonymous_7)","decl":{"start":{"line":54,"column":20},"end":{"line":54,"column":21}},"loc":{"start":{"line":54,"column":52},"end":{"line":80,"column":1}},"line":54},"8":{"name":"(anonymous_8)","decl":{"start":{"line":82,"column":17},"end":{"line":82,"column":18}},"loc":{"start":{"line":82,"column":27},"end":{"line":85,"column":1}},"line":82},"9":{"name":"(anonymous_9)","decl":{"start":{"line":87,"column":18},"end":{"line":87,"column":19}},"loc":{"start":{"line":87,"column":29},"end":{"line":89,"column":1}},"line":87},"10":{"name":"(anonymous_10)","decl":{"start":{"line":88,"column":20},"end":{"line":88,"column":21}},"loc":{"start":{"line":88,"column":30},"end":{"line":88,"column":55}},"line":88}},"branchMap":{"0":{"loc":{"start":{"line":5,"column":22},"end":{"line":5,"column":60}},"type":"cond-expr","locations":[{"start":{"line":5,"column":34},"end":{"line":5,"column":55}},{"start":{"line":5,"column":58},"end":{"line":5,"column":60}}],"line":5},"1":{"loc":{"start":{"line":10,"column":2},"end":{"line":21,"column":3}},"type":"if","locations":[{"start":{"line":10,"column":2},"end":{"line":21,"column":3}},{"start":{"line":10,"column":2},"end":{"line":21,"column":3}}],"line":10},"2":{"loc":{"start":{"line":10,"column":6},"end":{"line":10,"column":87}},"type":"binary-expr","locations":[{"start":{"line":10,"column":6},"end":{"line":10,"column":32}},{"start":{"line":10,"column":36},"end":{"line":10,"column":87}}],"line":10},"3":{"loc":{"start":{"line":13,"column":4},"end":{"line":15,"column":5}},"type":"if","locations":[{"start":{"line":13,"column":4},"end":{"line":15,"column":5}},{"start":{"line":13,"column":4},"end":{"line":15,"column":5}}],"line":13},"4":{"loc":{"start":{"line":13,"column":8},"end":{"line":13,"column":54}},"type":"binary-expr","locations":[{"start":{"line":13,"column":8},"end":{"line":13,"column":31}},{"start":{"line":13,"column":35},"end":{"line":13,"column":54}}],"line":13},"5":{"loc":{"start":{"line":34,"column":6},"end":{"line":36,"column":7}},"type":"if","locations":[{"start":{"line":34,"column":6},"end":{"line":36,"column":7}},{"start":{"line":34,"column":6},"end":{"line":36,"column":7}}],"line":34},"6":{"loc":{"start":{"line":59,"column":8},"end":{"line":59,"column":50}},"type":"cond-expr","locations":[{"start":{"line":59,"column":13},"end":{"line":59,"column":45}},{"start":{"line":59,"column":48},"end":{"line":59,"column":50}}],"line":59},"7":{"loc":{"start":{"line":74,"column":22},"end":{"line":74,"column":60}},"type":"cond-expr","locations":[{"start":{"line":74,"column":34},"end":{"line":74,"column":55}},{"start":{"line":74,"column":58},"end":{"line":74,"column":60}}],"line":74},"8":{"loc":{"start":{"line":75,"column":20},"end":{"line":75,"column":41}},"type":"binary-expr","locations":[{"start":{"line":75,"column":20},"end":{"line":75,"column":35}},{"start":{"line":75,"column":39},"end":{"line":75,"column":41}}],"line":75},"9":{"loc":{"start":{"line":76,"column":20},"end":{"line":76,"column":41}},"type":"binary-expr","locations":[{"start":{"line":76,"column":20},"end":{"line":76,"column":35}},{"start":{"line":76,"column":39},"end":{"line":76,"column":41}}],"line":76}},"s":{"0":1,"1":12,"2":12,"3":12,"4":1,"5":13,"6":11,"7":11,"8":11,"9":1,"10":11,"11":11,"12":2,"13":1,"14":7,"15":1,"16":1,"17":1,"18":1,"19":2,"20":1,"21":2,"22":1,"23":1,"24":1,"25":1,"26":1,"27":2,"28":1,"29":1,"30":2,"31":2,"32":2,"33":2,"34":2,"35":2,"36":2,"37":2,"38":2,"39":2,"40":2,"41":2,"42":1,"43":11,"44":11,"45":1,"46":27,"47":29},"f":{"0":12,"1":13,"2":7,"3":1,"4":2,"5":1,"6":2,"7":2,"8":11,"9":27,"10":29},"b":{"0":[5,7],"1":[11,2],"2":[13,11],"3":[1,10],"4":[11,1],"5":[1,1],"6":[2,0],"7":[0,2],"8":[2,2],"9":[2,2]},"_coverageSchema":"1a1c01bbd47fc00a2c39e90264f33305004495a9","hash":"08403e8a47866e15cb47461900e25f6fc82d8744"}
,"/Users/gbehere/Documents/GitHub/JS-Mailbox/src/app.jsx": {"path":"/Users/gbehere/Documents/GitHub/JS-Mailbox/src/app.jsx","statementMap":{"0":{"start":{"line":14,"column":4},"end":{"line":14,"column":12}},"1":{"start":{"line":17,"column":4},"end":{"line":17,"column":64}},"2":{"start":{"line":18,"column":4},"end":{"line":18,"column":38}},"3":{"start":{"line":19,"column":4},"end":{"line":19,"column":60}},"4":{"start":{"line":20,"column":4},"end":{"line":20,"column":46}},"5":{"start":{"line":21,"column":4},"end":{"line":21,"column":44}},"6":{"start":{"line":22,"column":4},"end":{"line":22,"column":46}},"7":{"start":{"line":23,"column":4},"end":{"line":23,"column":40}},"8":{"start":{"line":24,"column":4},"end":{"line":24,"column":35}},"9":{"start":{"line":28,"column":21},"end":{"line":28,"column":40}},"10":{"start":{"line":29,"column":26},"end":{"line":29,"column":77}},"11":{"start":{"line":30,"column":4},"end":{"line":36,"column":5}},"12":{"start":{"line":31,"column":6},"end":{"line":31,"column":44}},"13":{"start":{"line":32,"column":23},"end":{"line":32,"column":63}},"14":{"start":{"line":33,"column":6},"end":{"line":35,"column":7}},"15":{"start":{"line":34,"column":8},"end":{"line":34,"column":92}},"16":{"start":{"line":37,"column":4},"end":{"line":37,"column":58}},"17":{"start":{"line":41,"column":4},"end":{"line":65,"column":5}},"18":{"start":{"line":62,"column":39},"end":{"line":62,"column":64}}},"fnMap":{"0":{"name":"(anonymous_0)","decl":{"start":{"line":13,"column":2},"end":{"line":13,"column":3}},"loc":{"start":{"line":13,"column":16},"end":{"line":38,"column":3}},"line":13},"1":{"name":"(anonymous_1)","decl":{"start":{"line":40,"column":2},"end":{"line":40,"column":3}},"loc":{"start":{"line":40,"column":11},"end":{"line":66,"column":3}},"line":40},"2":{"name":"(anonymous_2)","decl":{"start":{"line":62,"column":33},"end":{"line":62,"column":34}},"loc":{"start":{"line":62,"column":39},"end":{"line":62,"column":64}},"line":62}},"branchMap":{"0":{"loc":{"start":{"line":30,"column":4},"end":{"line":36,"column":5}},"type":"if","locations":[{"start":{"line":30,"column":4},"end":{"line":36,"column":5}},{"start":{"line":30,"column":4},"end":{"line":36,"column":5}}],"line":30},"1":{"loc":{"start":{"line":33,"column":6},"end":{"line":35,"column":7}},"type":"if","locations":[{"start":{"line":33,"column":6},"end":{"line":35,"column":7}},{"start":{"line":33,"column":6},"end":{"line":35,"column":7}}],"line":33},"2":{"loc":{"start":{"line":33,"column":10},"end":{"line":33,"column":56}},"type":"binary-expr","locations":[{"start":{"line":33,"column":10},"end":{"line":33,"column":33}},{"start":{"line":33,"column":37},"end":{"line":33,"column":56}}],"line":33},"3":{"loc":{"start":{"line":44,"column":10},"end":{"line":45,"column":107}},"type":"binary-expr","locations":[{"start":{"line":44,"column":10},"end":{"line":44,"column":34}},{"start":{"line":45,"column":10},"end":{"line":45,"column":107}}],"line":44},"4":{"loc":{"start":{"line":48,"column":10},"end":{"line":58,"column":24}},"type":"binary-expr","locations":[{"start":{"line":48,"column":10},"end":{"line":48,"column":33}},{"start":{"line":49,"column":10},"end":{"line":58,"column":24}}],"line":48},"5":{"loc":{"start":{"line":61,"column":10},"end":{"line":62,"column":107}},"type":"binary-expr","locations":[{"start":{"line":61,"column":10},"end":{"line":61,"column":37}},{"start":{"line":62,"column":10},"end":{"line":62,"column":107}}],"line":61}},"s":{"0":15,"1":15,"2":15,"3":15,"4":15,"5":15,"6":15,"7":15,"8":15,"9":15,"10":15,"11":15,"12":1,"13":1,"14":1,"15":1,"16":15,"17":48,"18":1},"f":{"0":15,"1":48,"2":1},"b":{"0":[1,14],"1":[1,0],"2":[1,1],"3":[48,27],"4":[48,21],"5":[48,5]},"_coverageSchema":"1a1c01bbd47fc00a2c39e90264f33305004495a9","hash":"ee9e8a87fd9b578227005c33ed26ea90fbf3ce78"}
,"/Users/gbehere/Documents/GitHub/JS-Mailbox/src/index.js": {"path":"/Users/gbehere/Documents/GitHub/JS-Mailbox/src/index.js","statementMap":{},"fnMap":{},"branchMap":{},"s":{},"f":{},"b":{},"_coverageSchema":"1a1c01bbd47fc00a2c39e90264f33305004495a9","hash":"156e2632c7a9813c842535284b231c8dc57ecb79"}
,"/Users/gbehere/Documents/GitHub/JS-Mailbox/src/mockData.js": {"path":"/Users/gbehere/Documents/GitHub/JS-Mailbox/src/mockData.js","statementMap":{"0":{"start":{"line":1,"column":21},"end":{"line":91,"column":1}}},"fnMap":{},"branchMap":{},"s":{"0":1},"f":{},"b":{},"_coverageSchema":"1a1c01bbd47fc00a2c39e90264f33305004495a9","hash":"f0ea8a81aa1f0d556b48c11fea6ea1d8090826f5"}
,"/Users/gbehere/Documents/GitHub/JS-Mailbox/src/layout/header/header.jsx": {"path":"/Users/gbehere/Documents/GitHub/JS-Mailbox/src/layout/header/header.jsx","statementMap":{"0":{"start":{"line":4,"column":15},"end":{"line":37,"column":1}},"1":{"start":{"line":5,"column":22},"end":{"line":5,"column":62}},"2":{"start":{"line":5,"column":43},"end":{"line":5,"column":54}},"3":{"start":{"line":6,"column":2},"end":{"line":36,"column":3}}},"fnMap":{"0":{"name":"(anonymous_0)","decl":{"start":{"line":4,"column":15},"end":{"line":4,"column":16}},"loc":{"start":{"line":4,"column":54},"end":{"line":37,"column":1}},"line":4},"1":{"name":"(anonymous_1)","decl":{"start":{"line":5,"column":35},"end":{"line":5,"column":36}},"loc":{"start":{"line":5,"column":43},"end":{"line":5,"column":54}},"line":5}},"branchMap":{},"s":{"0":1,"1":24,"2":49,"3":24},"f":{"0":24,"1":49},"b":{},"_coverageSchema":"1a1c01bbd47fc00a2c39e90264f33305004495a9","hash":"6bd6817c101bf6214582da6d8d8e9026eb943d22"}
,"/Users/gbehere/Documents/GitHub/JS-Mailbox/src/layout/header/index.js": {"path":"/Users/gbehere/Documents/GitHub/JS-Mailbox/src/layout/header/index.js","statementMap":{},"fnMap":{},"branchMap":{},"s":{},"f":{},"b":{},"_coverageSchema":"1a1c01bbd47fc00a2c39e90264f33305004495a9","hash":"6d596361f2c3e7951e6468a254737c0ffa35c853"}
,"/Users/gbehere/Documents/GitHub/JS-Mailbox/src/layout/mail-organization/index.js": {"path":"/Users/gbehere/Documents/GitHub/JS-Mailbox/src/layout/mail-organization/index.js","statementMap":{},"fnMap":{},"branchMap":{},"s":{},"f":{},"b":{},"_coverageSchema":"1a1c01bbd47fc00a2c39e90264f33305004495a9","hash":"7b103e3bda06e154207279fc0cf6ceebaa8199b6"}
,"/Users/gbehere/Documents/GitHub/JS-Mailbox/src/layout/mail-organization/mail-org.jsx": {"path":"/Users/gbehere/Documents/GitHub/JS-Mailbox/src/layout/mail-organization/mail-org.jsx","statementMap":{"0":{"start":{"line":4,"column":25},"end":{"line":66,"column":1}},"1":{"start":{"line":5,"column":2},"end":{"line":65,"column":3}},"2":{"start":{"line":16,"column":36},"end":{"line":16,"column":92}},"3":{"start":{"line":17,"column":14},"end":{"line":19,"column":15}},"4":{"start":{"line":18,"column":16},"end":{"line":18,"column":81}},"5":{"start":{"line":18,"column":61},"end":{"line":18,"column":72}},"6":{"start":{"line":20,"column":14},"end":{"line":26,"column":15}},"7":{"start":{"line":37,"column":14},"end":{"line":42,"column":15}},"8":{"start":{"line":53,"column":14},"end":{"line":58,"column":15}}},"fnMap":{"0":{"name":"(anonymous_0)","decl":{"start":{"line":4,"column":25},"end":{"line":4,"column":26}},"loc":{"start":{"line":4,"column":36},"end":{"line":66,"column":1}},"line":4},"1":{"name":"(anonymous_1)","decl":{"start":{"line":15,"column":30},"end":{"line":15,"column":31}},"loc":{"start":{"line":15,"column":40},"end":{"line":27,"column":13}},"line":15},"2":{"name":"(anonymous_2)","decl":{"start":{"line":18,"column":53},"end":{"line":18,"column":54}},"loc":{"start":{"line":18,"column":61},"end":{"line":18,"column":72}},"line":18},"3":{"name":"(anonymous_3)","decl":{"start":{"line":36,"column":33},"end":{"line":36,"column":34}},"loc":{"start":{"line":36,"column":45},"end":{"line":43,"column":13}},"line":36},"4":{"name":"(anonymous_4)","decl":{"start":{"line":52,"column":29},"end":{"line":52,"column":30}},"loc":{"start":{"line":52,"column":38},"end":{"line":59,"column":13}},"line":52}},"branchMap":{"0":{"loc":{"start":{"line":16,"column":36},"end":{"line":16,"column":92}},"type":"cond-expr","locations":[{"start":{"line":16,"column":60},"end":{"line":16,"column":88}},{"start":{"line":16,"column":91},"end":{"line":16,"column":92}}],"line":16},"1":{"loc":{"start":{"line":17,"column":14},"end":{"line":19,"column":15}},"type":"if","locations":[{"start":{"line":17,"column":14},"end":{"line":19,"column":15}},{"start":{"line":17,"column":14},"end":{"line":19,"column":15}}],"line":17},"2":{"loc":{"start":{"line":24,"column":19},"end":{"line":24,"column":109}},"type":"binary-expr","locations":[{"start":{"line":24,"column":19},"end":{"line":24,"column":36}},{"start":{"line":24,"column":40},"end":{"line":24,"column":109}}],"line":24}},"s":{"0":1,"1":24,"2":120,"3":120,"4":24,"5":49,"6":120,"7":120,"8":192},"f":{"0":24,"1":120,"2":49,"3":120,"4":192},"b":{"0":[48,72],"1":[24,96],"2":[120,72]},"_coverageSchema":"1a1c01bbd47fc00a2c39e90264f33305004495a9","hash":"ea29006c13c25fb9725dade72634185db05a49d9"}
,"/Users/gbehere/Documents/GitHub/JS-Mailbox/src/layout/mails-container/index.js": {"path":"/Users/gbehere/Documents/GitHub/JS-Mailbox/src/layout/mails-container/index.js","statementMap":{},"fnMap":{},"branchMap":{},"s":{},"f":{},"b":{},"_coverageSchema":"1a1c01bbd47fc00a2c39e90264f33305004495a9","hash":"faa3d191fa544aeb1b60b4bd2614106e27c608e5"}
,"/Users/gbehere/Documents/GitHub/JS-Mailbox/src/layout/mails-container/mails-container.jsx": {"path":"/Users/gbehere/Documents/GitHub/JS-Mailbox/src/layout/mails-container/mails-container.jsx","statementMap":{"0":{"start":{"line":5,"column":23},"end":{"line":88,"column":1}},"1":{"start":{"line":7,"column":42},"end":{"line":7,"column":54}},"2":{"start":{"line":9,"column":23},"end":{"line":9,"column":27}},"3":{"start":{"line":10,"column":15},"end":{"line":10,"column":19}},"4":{"start":{"line":11,"column":2},"end":{"line":27,"column":3}},"5":{"start":{"line":12,"column":4},"end":{"line":12,"column":33}},"6":{"start":{"line":13,"column":4},"end":{"line":13,"column":21}},"7":{"start":{"line":15,"column":7},"end":{"line":27,"column":3}},"8":{"start":{"line":16,"column":4},"end":{"line":16,"column":32}},"9":{"start":{"line":17,"column":4},"end":{"line":17,"column":20}},"10":{"start":{"line":19,"column":7},"end":{"line":27,"column":3}},"11":{"start":{"line":20,"column":4},"end":{"line":20,"column":81}},"12":{"start":{"line":20,"column":48},"end":{"line":20,"column":76}},"13":{"start":{"line":21,"column":4},"end":{"line":21,"column":25}},"14":{"start":{"line":24,"column":4},"end":{"line":24,"column":24}},"15":{"start":{"line":25,"column":4},"end":{"line":25,"column":33}},"16":{"start":{"line":29,"column":26},"end":{"line":36,"column":3}},"17":{"start":{"line":30,"column":4},"end":{"line":35,"column":5}},"18":{"start":{"line":31,"column":6},"end":{"line":31,"column":67}},"19":{"start":{"line":31,"column":50},"end":{"line":31,"column":65}},"20":{"start":{"line":34,"column":6},"end":{"line":34,"column":49}},"21":{"start":{"line":38,"column":29},"end":{"line":41,"column":3}},"22":{"start":{"line":39,"column":4},"end":{"line":39,"column":33}},"23":{"start":{"line":40,"column":4},"end":{"line":40,"column":24}},"24":{"start":{"line":43,"column":2},"end":{"line":87,"column":3}}},"fnMap":{"0":{"name":"(anonymous_0)","decl":{"start":{"line":5,"column":23},"end":{"line":5,"column":24}},"loc":{"start":{"line":5,"column":34},"end":{"line":88,"column":1}},"line":5},"1":{"name":"(anonymous_1)","decl":{"start":{"line":20,"column":40},"end":{"line":20,"column":41}},"loc":{"start":{"line":20,"column":48},"end":{"line":20,"column":76}},"line":20},"2":{"name":"(anonymous_2)","decl":{"start":{"line":29,"column":26},"end":{"line":29,"column":27}},"loc":{"start":{"line":29,"column":38},"end":{"line":36,"column":3}},"line":29},"3":{"name":"(anonymous_3)","decl":{"start":{"line":31,"column":42},"end":{"line":31,"column":43}},"loc":{"start":{"line":31,"column":50},"end":{"line":31,"column":65}},"line":31},"4":{"name":"(anonymous_4)","decl":{"start":{"line":38,"column":29},"end":{"line":38,"column":30}},"loc":{"start":{"line":38,"column":35},"end":{"line":41,"column":3}},"line":38}},"branchMap":{"0":{"loc":{"start":{"line":11,"column":2},"end":{"line":27,"column":3}},"type":"if","locations":[{"start":{"line":11,"column":2},"end":{"line":27,"column":3}},{"start":{"line":11,"column":2},"end":{"line":27,"column":3}}],"line":11},"1":{"loc":{"start":{"line":15,"column":7},"end":{"line":27,"column":3}},"type":"if","locations":[{"start":{"line":15,"column":7},"end":{"line":27,"column":3}},{"start":{"line":15,"column":7},"end":{"line":27,"column":3}}],"line":15},"2":{"loc":{"start":{"line":19,"column":7},"end":{"line":27,"column":3}},"type":"if","locations":[{"start":{"line":19,"column":7},"end":{"line":27,"column":3}},{"start":{"line":19,"column":7},"end":{"line":27,"column":3}}],"line":19},"3":{"loc":{"start":{"line":30,"column":4},"end":{"line":35,"column":5}},"type":"if","locations":[{"start":{"line":30,"column":4},"end":{"line":35,"column":5}},{"start":{"line":30,"column":4},"end":{"line":35,"column":5}}],"line":30},"4":{"loc":{"start":{"line":47,"column":56},"end":{"line":47,"column":120}},"type":"cond-expr","locations":[{"start":{"line":47,"column":82},"end":{"line":47,"column":115}},{"start":{"line":47,"column":118},"end":{"line":47,"column":120}}],"line":47}},"s":{"0":1,"1":27,"2":27,"3":27,"4":27,"5":24,"6":24,"7":3,"8":1,"9":1,"10":2,"11":1,"12":2,"13":1,"14":1,"15":1,"16":27,"17":3,"18":1,"19":1,"20":2,"21":27,"22":1,"23":1,"24":27},"f":{"0":27,"1":2,"2":3,"3":1,"4":1},"b":{"0":[24,3],"1":[1,2],"2":[1,1],"3":[1,2],"4":[26,1]},"_coverageSchema":"1a1c01bbd47fc00a2c39e90264f33305004495a9","hash":"caf8f4754d9efcc0d5af621ff69ed5a6b37614cf"}
,"/Users/gbehere/Documents/GitHub/JS-Mailbox/src/layout/sidebar/index.js": {"path":"/Users/gbehere/Documents/GitHub/JS-Mailbox/src/layout/sidebar/index.js","statementMap":{},"fnMap":{},"branchMap":{},"s":{},"f":{},"b":{},"_coverageSchema":"1a1c01bbd47fc00a2c39e90264f33305004495a9","hash":"ecfe9e3362a2992019474fbc66732bd3a8a72c6d"}
,"/Users/gbehere/Documents/GitHub/JS-Mailbox/src/layout/sidebar/sidebar.jsx": {"path":"/Users/gbehere/Documents/GitHub/JS-Mailbox/src/layout/sidebar/sidebar.jsx","statementMap":{"0":{"start":{"line":4,"column":17},"end":{"line":23,"column":2}},"1":{"start":{"line":25,"column":16},"end":{"line":52,"column":1}},"2":{"start":{"line":26,"column":2},"end":{"line":51,"column":3}},"3":{"start":{"line":32,"column":14},"end":{"line":34,"column":15}},"4":{"start":{"line":40,"column":14},"end":{"line":45,"column":15}}},"fnMap":{"0":{"name":"(anonymous_0)","decl":{"start":{"line":25,"column":16},"end":{"line":25,"column":17}},"loc":{"start":{"line":25,"column":32},"end":{"line":52,"column":1}},"line":25},"1":{"name":"(anonymous_1)","decl":{"start":{"line":31,"column":25},"end":{"line":31,"column":26}},"loc":{"start":{"line":31,"column":32},"end":{"line":35,"column":13}},"line":31},"2":{"name":"(anonymous_2)","decl":{"start":{"line":39,"column":25},"end":{"line":39,"column":26}},"loc":{"start":{"line":39,"column":32},"end":{"line":46,"column":13}},"line":39}},"branchMap":{"0":{"loc":{"start":{"line":27,"column":22},"end":{"line":27,"column":57}},"type":"cond-expr","locations":[{"start":{"line":27,"column":31},"end":{"line":27,"column":45}},{"start":{"line":27,"column":48},"end":{"line":27,"column":57}}],"line":27},"1":{"loc":{"start":{"line":27,"column":70},"end":{"line":27,"column":125}},"type":"cond-expr","locations":[{"start":{"line":27,"column":79},"end":{"line":27,"column":103}},{"start":{"line":27,"column":106},"end":{"line":27,"column":125}}],"line":27},"2":{"loc":{"start":{"line":29,"column":43},"end":{"line":29,"column":64}},"type":"cond-expr","locations":[{"start":{"line":29,"column":52},"end":{"line":29,"column":59}},{"start":{"line":29,"column":62},"end":{"line":29,"column":64}}],"line":29},"3":{"loc":{"start":{"line":30,"column":11},"end":{"line":35,"column":14}},"type":"binary-expr","locations":[{"start":{"line":30,"column":11},"end":{"line":30,"column":18}},{"start":{"line":31,"column":12},"end":{"line":35,"column":14}}],"line":30},"4":{"loc":{"start":{"line":33,"column":51},"end":{"line":33,"column":78}},"type":"cond-expr","locations":[{"start":{"line":33,"column":64},"end":{"line":33,"column":73}},{"start":{"line":33,"column":76},"end":{"line":33,"column":78}}],"line":33},"5":{"loc":{"start":{"line":38,"column":12},"end":{"line":46,"column":14}},"type":"binary-expr","locations":[{"start":{"line":38,"column":12},"end":{"line":38,"column":18}},{"start":{"line":39,"column":12},"end":{"line":46,"column":14}}],"line":38},"6":{"loc":{"start":{"line":41,"column":53},"end":{"line":41,"column":79}},"type":"cond-expr","locations":[{"start":{"line":41,"column":66},"end":{"line":41,"column":74}},{"start":{"line":41,"column":77},"end":{"line":41,"column":79}}],"line":41}},"s":{"0":1,"1":1,"2":24,"3":138,"4":6},"f":{"0":24,"1":138,"2":6},"b":{"0":[1,23],"1":[1,23],"2":[1,23],"3":[24,23],"4":[23,115],"5":[24,1],"6":[1,5]},"_coverageSchema":"1a1c01bbd47fc00a2c39e90264f33305004495a9","hash":"163665e2ce0720c9d5711d28aafc2ed7bc6f9e50"}
,"/Users/gbehere/Documents/GitHub/JS-Mailbox/src/organisms/compose-email/compose-email.jsx": {"path":"/Users/gbehere/Documents/GitHub/JS-Mailbox/src/organisms/compose-email/compose-email.jsx","statementMap":{"0":{"start":{"line":4,"column":21},"end":{"line":40,"column":1}},"1":{"start":{"line":5,"column":22},"end":{"line":5,"column":34}},"2":{"start":{"line":6,"column":22},"end":{"line":6,"column":34}},"3":{"start":{"line":7,"column":32},"end":{"line":7,"column":44}},"4":{"start":{"line":8,"column":26},"end":{"line":8,"column":38}},"5":{"start":{"line":9,"column":36},"end":{"line":9,"column":50}},"6":{"start":{"line":11,"column":23},"end":{"line":17,"column":3}},"7":{"start":{"line":12,"column":4},"end":{"line":15,"column":5}},"8":{"start":{"line":13,"column":6},"end":{"line":13,"column":56}},"9":{"start":{"line":14,"column":6},"end":{"line":14,"column":13}},"10":{"start":{"line":16,"column":4},"end":{"line":16,"column":36}},"11":{"start":{"line":18,"column":2},"end":{"line":39,"column":3}},"12":{"start":{"line":24,"column":82},"end":{"line":24,"column":103}},"13":{"start":{"line":27,"column":73},"end":{"line":27,"column":94}},"14":{"start":{"line":30,"column":91},"end":{"line":30,"column":117}},"15":{"start":{"line":33,"column":95},"end":{"line":33,"column":118}}},"fnMap":{"0":{"name":"(anonymous_0)","decl":{"start":{"line":4,"column":21},"end":{"line":4,"column":22}},"loc":{"start":{"line":4,"column":48},"end":{"line":40,"column":1}},"line":4},"1":{"name":"(anonymous_1)","decl":{"start":{"line":11,"column":23},"end":{"line":11,"column":24}},"loc":{"start":{"line":11,"column":29},"end":{"line":17,"column":3}},"line":11},"2":{"name":"(anonymous_2)","decl":{"start":{"line":24,"column":77},"end":{"line":24,"column":78}},"loc":{"start":{"line":24,"column":82},"end":{"line":24,"column":103}},"line":24},"3":{"name":"(anonymous_3)","decl":{"start":{"line":27,"column":68},"end":{"line":27,"column":69}},"loc":{"start":{"line":27,"column":73},"end":{"line":27,"column":94}},"line":27},"4":{"name":"(anonymous_4)","decl":{"start":{"line":30,"column":86},"end":{"line":30,"column":87}},"loc":{"start":{"line":30,"column":91},"end":{"line":30,"column":117}},"line":30},"5":{"name":"(anonymous_5)","decl":{"start":{"line":33,"column":90},"end":{"line":33,"column":91}},"loc":{"start":{"line":33,"column":95},"end":{"line":33,"column":118}},"line":33}},"branchMap":{"0":{"loc":{"start":{"line":12,"column":4},"end":{"line":15,"column":5}},"type":"if","locations":[{"start":{"line":12,"column":4},"end":{"line":15,"column":5}},{"start":{"line":12,"column":4},"end":{"line":15,"column":5}}],"line":12},"1":{"loc":{"start":{"line":12,"column":8},"end":{"line":12,"column":35}},"type":"binary-expr","locations":[{"start":{"line":12,"column":8},"end":{"line":12,"column":17}},{"start":{"line":12,"column":21},"end":{"line":12,"column":35}}],"line":12}},"s":{"0":1,"1":14,"2":14,"3":14,"4":14,"5":14,"6":14,"7":3,"8":1,"9":1,"10":2,"11":14,"12":2,"13":2,"14":2,"15":2},"f":{"0":14,"1":3,"2":2,"3":2,"4":2,"5":2},"b":{"0":[1,2],"1":[3,2]},"_coverageSchema":"1a1c01bbd47fc00a2c39e90264f33305004495a9","hash":"29c19ad00b4c91d5c23365aee63b0dc9fc4d17ff"}
,"/Users/gbehere/Documents/GitHub/JS-Mailbox/src/organisms/compose-email/index.js": {"path":"/Users/gbehere/Documents/GitHub/JS-Mailbox/src/organisms/compose-email/index.js","statementMap":{},"fnMap":{},"branchMap":{},"s":{},"f":{},"b":{},"_coverageSchema":"1a1c01bbd47fc00a2c39e90264f33305004495a9","hash":"840f64dcd6ddbc221131203e5947186b3874a747"}
,"/Users/gbehere/Documents/GitHub/JS-Mailbox/src/organisms/mail-list/index.js": {"path":"/Users/gbehere/Documents/GitHub/JS-Mailbox/src/organisms/mail-list/index.js","statementMap":{},"fnMap":{},"branchMap":{},"s":{},"f":{},"b":{},"_coverageSchema":"1a1c01bbd47fc00a2c39e90264f33305004495a9","hash":"412c742be459420f2a338316cc66f6f3af7e3f7f"}
,"/Users/gbehere/Documents/GitHub/JS-Mailbox/src/organisms/mail-list/mail-list.jsx": {"path":"/Users/gbehere/Documents/GitHub/JS-Mailbox/src/organisms/mail-list/mail-list.jsx","statementMap":{"0":{"start":{"line":6,"column":17},"end":{"line":52,"column":1}},"1":{"start":{"line":8,"column":2},"end":{"line":51,"column":3}},"2":{"start":{"line":12,"column":31},"end":{"line":12,"column":42}},"3":{"start":{"line":13,"column":10},"end":{"line":39,"column":11}},"4":{"start":{"line":25,"column":100},"end":{"line":25,"column":123}}},"fnMap":{"0":{"name":"(anonymous_0)","decl":{"start":{"line":6,"column":17},"end":{"line":6,"column":18}},"loc":{"start":{"line":6,"column":76},"end":{"line":52,"column":1}},"line":6},"1":{"name":"(anonymous_1)","decl":{"start":{"line":11,"column":29},"end":{"line":11,"column":30}},"loc":{"start":{"line":11,"column":42},"end":{"line":40,"column":9}},"line":11},"2":{"name":"(anonymous_2)","decl":{"start":{"line":25,"column":93},"end":{"line":25,"column":94}},"loc":{"start":{"line":25,"column":100},"end":{"line":25,"column":123}},"line":25}},"branchMap":{"0":{"loc":{"start":{"line":10,"column":7},"end":{"line":40,"column":10}},"type":"binary-expr","locations":[{"start":{"line":10,"column":7},"end":{"line":10,"column":12}},{"start":{"line":10,"column":16},"end":{"line":10,"column":36}},{"start":{"line":11,"column":8},"end":{"line":40,"column":10}}],"line":10},"1":{"loc":{"start":{"line":14,"column":36},"end":{"line":14,"column":83}},"type":"cond-expr","locations":[{"start":{"line":14,"column":51},"end":{"line":14,"column":69}},{"start":{"line":14,"column":72},"end":{"line":14,"column":83}}],"line":14},"2":{"loc":{"start":{"line":24,"column":18},"end":{"line":25,"column":158}},"type":"binary-expr","locations":[{"start":{"line":24,"column":18},"end":{"line":24,"column":31}},{"start":{"line":25,"column":18},"end":{"line":25,"column":158}}],"line":24},"3":{"loc":{"start":{"line":31,"column":18},"end":{"line":32,"column":50}},"type":"binary-expr","locations":[{"start":{"line":31,"column":18},"end":{"line":31,"column":34}},{"start":{"line":31,"column":38},"end":{"line":31,"column":65}},{"start":{"line":32,"column":18},"end":{"line":32,"column":50}}],"line":31},"4":{"loc":{"start":{"line":43,"column":8},"end":{"line":48,"column":14}},"type":"binary-expr","locations":[{"start":{"line":43,"column":8},"end":{"line":43,"column":13}},{"start":{"line":43,"column":17},"end":{"line":43,"column":38}},{"start":{"line":44,"column":8},"end":{"line":48,"column":14}}],"line":43}},"s":{"0":1,"1":27,"2":51,"3":51,"4":120},"f":{"0":27,"1":51,"2":120},"b":{"0":[27,27,26],"1":[26,25],"2":[51,24],"3":[51,23,23],"4":[27,27,1]},"_coverageSchema":"1a1c01bbd47fc00a2c39e90264f33305004495a9","hash":"9ce6e787453cb4e2597e2a99562d008fd75e161c"}
,"/Users/gbehere/Documents/GitHub/JS-Mailbox/src/pages/landing-page/index.js": {"path":"/Users/gbehere/Documents/GitHub/JS-Mailbox/src/pages/landing-page/index.js","statementMap":{},"fnMap":{},"branchMap":{},"s":{},"f":{},"b":{},"_coverageSchema":"1a1c01bbd47fc00a2c39e90264f33305004495a9","hash":"46bdc0c5d94a66d5bc090e08b53c51f6395dd020"}
,"/Users/gbehere/Documents/GitHub/JS-Mailbox/src/pages/landing-page/landing-page.jsx": {"path":"/Users/gbehere/Documents/GitHub/JS-Mailbox/src/pages/landing-page/landing-page.jsx","statementMap":{"0":{"start":{"line":8,"column":20},"end":{"line":29,"column":1}},"1":{"start":{"line":10,"column":40},"end":{"line":10,"column":55}},"2":{"start":{"line":11,"column":38},"end":{"line":11,"column":55}},"3":{"start":{"line":13,"column":30},"end":{"line":16,"column":3}},"4":{"start":{"line":14,"column":4},"end":{"line":14,"column":24}},"5":{"start":{"line":15,"column":4},"end":{"line":15,"column":27}},"6":{"start":{"line":17,"column":2},"end":{"line":28,"column":3}}},"fnMap":{"0":{"name":"(anonymous_0)","decl":{"start":{"line":8,"column":20},"end":{"line":8,"column":21}},"loc":{"start":{"line":8,"column":31},"end":{"line":29,"column":1}},"line":8},"1":{"name":"(anonymous_1)","decl":{"start":{"line":13,"column":30},"end":{"line":13,"column":31}},"loc":{"start":{"line":13,"column":40},"end":{"line":16,"column":3}},"line":13}},"branchMap":{"0":{"loc":{"start":{"line":20,"column":22},"end":{"line":20,"column":68}},"type":"cond-expr","locations":[{"start":{"line":20,"column":36},"end":{"line":20,"column":53}},{"start":{"line":20,"column":56},"end":{"line":20,"column":68}}],"line":20}},"s":{"0":1,"1":24,"2":24,"3":24,"4":1,"5":1,"6":24},"f":{"0":24,"1":1},"b":{"0":[1,23]},"_coverageSchema":"1a1c01bbd47fc00a2c39e90264f33305004495a9","hash":"5f4cea0bc3d81aed5bd5e5055ef4a910b0b2fc20"}
,"/Users/gbehere/Documents/GitHub/JS-Mailbox/src/pages/login-page/index.js": {"path":"/Users/gbehere/Documents/GitHub/JS-Mailbox/src/pages/login-page/index.js","statementMap":{},"fnMap":{},"branchMap":{},"s":{},"f":{},"b":{},"_coverageSchema":"1a1c01bbd47fc00a2c39e90264f33305004495a9","hash":"d88201a4d873424f4cbc58d840d09e0765354bd9"}
,"/Users/gbehere/Documents/GitHub/JS-Mailbox/src/pages/login-page/login.jsx": {"path":"/Users/gbehere/Documents/GitHub/JS-Mailbox/src/pages/login-page/login.jsx","statementMap":{"0":{"start":{"line":5,"column":18},"end":{"line":55,"column":1}},"1":{"start":{"line":6,"column":34},"end":{"line":6,"column":46}},"2":{"start":{"line":7,"column":34},"end":{"line":7,"column":46}},"3":{"start":{"line":8,"column":2},"end":{"line":54,"column":3}},"4":{"start":{"line":12,"column":109},"end":{"line":12,"column":140}},"5":{"start":{"line":15,"column":113},"end":{"line":15,"column":144}}},"fnMap":{"0":{"name":"(anonymous_0)","decl":{"start":{"line":5,"column":18},"end":{"line":5,"column":19}},"loc":{"start":{"line":5,"column":52},"end":{"line":55,"column":1}},"line":5},"1":{"name":"(anonymous_1)","decl":{"start":{"line":12,"column":100},"end":{"line":12,"column":101}},"loc":{"start":{"line":12,"column":109},"end":{"line":12,"column":140}},"line":12},"2":{"name":"(anonymous_2)","decl":{"start":{"line":15,"column":104},"end":{"line":15,"column":105}},"loc":{"start":{"line":15,"column":113},"end":{"line":15,"column":144}},"line":15}},"branchMap":{"0":{"loc":{"start":{"line":18,"column":8},"end":{"line":18,"column":71}},"type":"binary-expr","locations":[{"start":{"line":18,"column":8},"end":{"line":18,"column":18}},{"start":{"line":18,"column":22},"end":{"line":18,"column":71}}],"line":18}},"s":{"0":1,"1":51,"2":51,"3":51,"4":12,"5":12},"f":{"0":51,"1":12,"2":12},"b":{"0":[51,2]},"_coverageSchema":"1a1c01bbd47fc00a2c39e90264f33305004495a9","hash":"950ab5c9d76b030f43fabe1bd852f355ffc0f2fb"}
}
