TN:
SF:src/actions.js
FN:3,(anonymous_0)
FN:9,(anonymous_1)
FN:24,(anonymous_2)
FN:28,(anonymous_3)
FN:33,(anonymous_4)
FN:43,(anonymous_5)
FN:49,(anonymous_6)
FN:54,(anonymous_7)
FN:82,(anonymous_8)
FN:87,(anonymous_9)
FN:88,(anonymous_10)
FNF:11
FNH:11
FNDA:12,(anonymous_0)
FNDA:13,(anonymous_1)
FNDA:7,(anonymous_2)
FNDA:1,(anonymous_3)
FNDA:2,(anonymous_4)
FNDA:1,(anonymous_5)
FNDA:2,(anonymous_6)
FNDA:2,(anonymous_7)
FNDA:11,(anonymous_8)
FNDA:27,(anonymous_9)
FNDA:29,(anonymous_10)
DA:3,1
DA:4,12
DA:5,12
DA:6,12
DA:9,1
DA:10,13
DA:11,11
DA:12,11
DA:13,11
DA:14,1
DA:16,11
DA:17,11
DA:20,2
DA:24,1
DA:25,7
DA:28,1
DA:29,1
DA:30,1
DA:31,1
DA:34,2
DA:35,1
DA:37,2
DA:40,1
DA:43,1
DA:45,1
DA:46,1
DA:47,1
DA:49,2
DA:51,1
DA:54,1
DA:55,2
DA:56,2
DA:66,2
DA:70,2
DA:71,2
DA:73,2
DA:74,2
DA:75,2
DA:76,2
DA:77,2
DA:78,2
DA:79,2
DA:82,1
DA:83,11
DA:84,11
DA:87,1
DA:88,29
LF:47
LH:47
BRDA:5,0,0,5
BRDA:5,0,1,7
BRDA:10,1,0,11
BRDA:10,1,1,2
BRDA:10,2,0,13
BRDA:10,2,1,11
BRDA:13,3,0,1
BRDA:13,3,1,10
BRDA:13,4,0,11
BRDA:13,4,1,1
BRDA:34,5,0,1
BRDA:34,5,1,1
BRDA:59,6,0,2
BRDA:59,6,1,0
BRDA:74,7,0,0
BRDA:74,7,1,2
BRDA:75,8,0,2
BRDA:75,8,1,2
BRDA:76,9,0,2
BRDA:76,9,1,2
BRF:20
BRH:18
end_of_record
TN:
SF:src/app.jsx
FN:13,(anonymous_0)
FN:40,(anonymous_1)
FN:62,(anonymous_2)
FNF:3
FNH:3
FNDA:15,(anonymous_0)
FNDA:48,(anonymous_1)
FNDA:1,(anonymous_2)
DA:14,15
DA:17,15
DA:18,15
DA:19,15
DA:20,15
DA:21,15
DA:22,15
DA:23,15
DA:24,15
DA:28,15
DA:29,15
DA:30,15
DA:31,1
DA:32,1
DA:33,1
DA:34,1
DA:37,15
DA:41,48
DA:62,1
LF:19
LH:19
BRDA:30,0,0,1
BRDA:30,0,1,14
BRDA:33,1,0,1
BRDA:33,1,1,0
BRDA:33,2,0,1
BRDA:33,2,1,1
BRDA:44,3,0,48
BRDA:44,3,1,27
BRDA:48,4,0,48
BRDA:48,4,1,21
BRDA:61,5,0,48
BRDA:61,5,1,5
BRF:12
BRH:11
end_of_record
TN:
SF:src/index.js
FNF:0
FNH:0
LF:0
LH:0
BRF:0
BRH:0
end_of_record
TN:
SF:src/mockData.js
FNF:0
FNH:0
DA:1,1
LF:1
LH:1
BRF:0
BRH:0
end_of_record
TN:
SF:src/layout/header/header.jsx
FN:4,(anonymous_0)
FN:5,(anonymous_1)
FNF:2
FNH:2
FNDA:24,(anonymous_0)
FNDA:49,(anonymous_1)
DA:4,1
DA:5,49
DA:6,24
LF:3
LH:3
BRF:0
BRH:0
end_of_record
TN:
SF:src/layout/header/index.js
FNF:0
FNH:0
LF:0
LH:0
BRF:0
BRH:0
end_of_record
TN:
SF:src/layout/mail-organization/index.js
FNF:0
FNH:0
LF:0
LH:0
BRF:0
BRH:0
end_of_record
TN:
SF:src/layout/mail-organization/mail-org.jsx
FN:4,(anonymous_0)
FN:15,(anonymous_1)
FN:18,(anonymous_2)
FN:36,(anonymous_3)
FN:52,(anonymous_4)
FNF:5
FNH:5
FNDA:24,(anonymous_0)
FNDA:120,(anonymous_1)
FNDA:49,(anonymous_2)
FNDA:120,(anonymous_3)
FNDA:192,(anonymous_4)
DA:4,1
DA:5,24
DA:16,120
DA:17,120
DA:18,49
DA:20,120
DA:37,120
DA:53,192
LF:8
LH:8
BRDA:16,0,0,48
BRDA:16,0,1,72
BRDA:17,1,0,24
BRDA:17,1,1,96
BRDA:24,2,0,120
BRDA:24,2,1,72
BRF:6
BRH:6
end_of_record
TN:
SF:src/layout/mails-container/index.js
FNF:0
FNH:0
LF:0
LH:0
BRF:0
BRH:0
end_of_record
TN:
SF:src/layout/mails-container/mails-container.jsx
FN:5,(anonymous_0)
FN:20,(anonymous_1)
FN:29,(anonymous_2)
FN:31,(anonymous_3)
FN:38,(anonymous_4)
FNF:5
FNH:5
FNDA:27,(anonymous_0)
FNDA:2,(anonymous_1)
FNDA:3,(anonymous_2)
FNDA:1,(anonymous_3)
FNDA:1,(anonymous_4)
DA:5,1
DA:7,27
DA:9,27
DA:10,27
DA:11,27
DA:12,24
DA:13,24
DA:15,3
DA:16,1
DA:17,1
DA:19,2
DA:20,2
DA:21,1
DA:24,1
DA:25,1
DA:29,27
DA:30,3
DA:31,1
DA:34,2
DA:38,27
DA:39,1
DA:40,1
DA:43,27
LF:23
LH:23
BRDA:11,0,0,24
BRDA:11,0,1,3
BRDA:15,1,0,1
BRDA:15,1,1,2
BRDA:19,2,0,1
BRDA:19,2,1,1
BRDA:30,3,0,1
BRDA:30,3,1,2
BRDA:47,4,0,26
BRDA:47,4,1,1
BRF:10
BRH:10
end_of_record
TN:
SF:src/layout/sidebar/index.js
FNF:0
FNH:0
LF:0
LH:0
BRF:0
BRH:0
end_of_record
TN:
SF:src/layout/sidebar/sidebar.jsx
FN:25,(anonymous_0)
FN:31,(anonymous_1)
FN:39,(anonymous_2)
FNF:3
FNH:3
FNDA:24,(anonymous_0)
FNDA:138,(anonymous_1)
FNDA:6,(anonymous_2)
DA:4,1
DA:25,1
DA:26,24
DA:32,138
DA:40,6
LF:5
LH:5
BRDA:27,0,0,1
BRDA:27,0,1,23
BRDA:27,1,0,1
BRDA:27,1,1,23
BRDA:29,2,0,1
BRDA:29,2,1,23
BRDA:30,3,0,24
BRDA:30,3,1,23
BRDA:33,4,0,23
BRDA:33,4,1,115
BRDA:38,5,0,24
BRDA:38,5,1,1
BRDA:41,6,0,1
BRDA:41,6,1,5
BRF:14
BRH:14
end_of_record
TN:
SF:src/organisms/compose-email/compose-email.jsx
FN:4,(anonymous_0)
FN:11,(anonymous_1)
FN:24,(anonymous_2)
FN:27,(anonymous_3)
FN:30,(anonymous_4)
FN:33,(anonymous_5)
FNF:6
FNH:6
FNDA:14,(anonymous_0)
FNDA:3,(anonymous_1)
FNDA:2,(anonymous_2)
FNDA:2,(anonymous_3)
FNDA:2,(anonymous_4)
FNDA:2,(anonymous_5)
DA:4,1
DA:5,14
DA:6,14
DA:7,14
DA:8,14
DA:9,14
DA:11,14
DA:12,3
DA:13,1
DA:14,1
DA:16,2
DA:18,14
DA:24,2
DA:27,2
DA:30,2
DA:33,2
LF:16
LH:16
BRDA:12,0,0,1
BRDA:12,0,1,2
BRDA:12,1,0,3
BRDA:12,1,1,2
BRF:4
BRH:4
end_of_record
TN:
SF:src/organisms/compose-email/index.js
FNF:0
FNH:0
LF:0
LH:0
BRF:0
BRH:0
end_of_record
TN:
SF:src/organisms/mail-list/index.js
FNF:0
FNH:0
LF:0
LH:0
BRF:0
BRH:0
end_of_record
TN:
SF:src/organisms/mail-list/mail-list.jsx
FN:6,(anonymous_0)
FN:11,(anonymous_1)
FN:25,(anonymous_2)
FNF:3
FNH:3
FNDA:27,(anonymous_0)
FNDA:51,(anonymous_1)
FNDA:120,(anonymous_2)
DA:6,1
DA:8,27
DA:12,51
DA:13,51
DA:25,120
LF:5
LH:5
BRDA:10,0,0,27
BRDA:10,0,1,27
BRDA:10,0,2,26
BRDA:14,1,0,26
BRDA:14,1,1,25
BRDA:24,2,0,51
BRDA:24,2,1,24
BRDA:31,3,0,51
BRDA:31,3,1,23
BRDA:31,3,2,23
BRDA:43,4,0,27
BRDA:43,4,1,27
BRDA:43,4,2,1
BRF:13
BRH:13
end_of_record
TN:
SF:src/pages/landing-page/index.js
FNF:0
FNH:0
LF:0
LH:0
BRF:0
BRH:0
end_of_record
TN:
SF:src/pages/landing-page/landing-page.jsx
FN:8,(anonymous_0)
FN:13,(anonymous_1)
FNF:2
FNH:2
FNDA:24,(anonymous_0)
FNDA:1,(anonymous_1)
DA:8,1
DA:10,24
DA:11,24
DA:13,24
DA:14,1
DA:15,1
DA:17,24
LF:7
LH:7
BRDA:20,0,0,1
BRDA:20,0,1,23
BRF:2
BRH:2
end_of_record
TN:
SF:src/pages/login-page/index.js
FNF:0
FNH:0
LF:0
LH:0
BRF:0
BRH:0
end_of_record
TN:
SF:src/pages/login-page/login.jsx
FN:5,(anonymous_0)
FN:12,(anonymous_1)
FN:15,(anonymous_2)
FNF:3
FNH:3
FNDA:51,(anonymous_0)
FNDA:12,(anonymous_1)
FNDA:12,(anonymous_2)
DA:5,1
DA:6,51
DA:7,51
DA:8,51
DA:12,12
DA:15,12
LF:6
LH:6
BRDA:18,0,0,51
BRDA:18,0,1,2
BRF:2
BRH:2
end_of_record
